d:\project\wcidfy\c++samplesummary\x64\debug\thread_base.exe
d:\project\wcidfy\c++samplesummary\thread\x64\debug\thread_base.ilk
d:\project\wcidfy\c++samplesummary\x64\debug\thread_base.pdb
d:\project\wcidfy\c++samplesummary\thread\x64\debug\vc143.pdb
d:\project\wcidfy\c++samplesummary\thread\x64\debug\vc143.idb
d:\project\wcidfy\c++samplesummary\thread\x64\debug\detach.obj
d:\project\wcidfy\c++samplesummary\thread\x64\debug\base.obj
d:\project\wcidfy\c++samplesummary\thread\x64\debug\main.obj
d:\project\wcidfy\c++samplesummary\thread\x64\debug\thread_base.tlog\cl.command.1.tlog
d:\project\wcidfy\c++samplesummary\thread\x64\debug\thread_base.tlog\link.read.2.tlog
d:\project\wcidfy\c++samplesummary\thread\x64\debug\thread_base.tlog\link.write.1.tlog
d:\project\wcidfy\c++samplesummary\thread\x64\debug\thread_base.tlog\link.command.1.tlog
d:\project\wcidfy\c++samplesummary\thread\x64\debug\thread_base.tlog\cl.items.tlog
d:\project\wcidfy\c++samplesummary\thread\x64\debug\thread_base.tlog\cl.read.1.tlog
d:\project\wcidfy\c++samplesummary\thread\x64\debug\thread_base.tlog\cl.write.1.tlog
d:\project\wcidfy\c++samplesummary\thread\x64\debug\thread_base.tlog\link.2956.read.4.tlog
d:\project\wcidfy\c++samplesummary\thread\x64\debug\thread_base.tlog\link.2956.read.3.tlog
d:\project\wcidfy\c++samplesummary\thread\x64\debug\thread_base.tlog\link.2956.read.2.tlog
d:\project\wcidfy\c++samplesummary\thread\x64\debug\thread_base.tlog\link.2956.read.5.tlog
d:\project\wcidfy\c++samplesummary\thread\x64\debug\thread_base.tlog\link.2956-rc.read.1.tlog
d:\project\wcidfy\c++samplesummary\thread\x64\debug\thread_base.tlog\link.2956-rc.write.1.tlog
d:\project\wcidfy\c++samplesummary\thread\x64\debug\thread_base.tlog\link.2956-cvtres.read.1.tlog
d:\project\wcidfy\c++samplesummary\thread\x64\debug\thread_base.tlog\link.2956-cvtres.write.1.tlog
d:\project\wcidfy\c++samplesummary\thread\x64\debug\thread_base.tlog\link.2956.read.6.tlog
d:\project\wcidfy\c++samplesummary\thread\x64\debug\thread_base.tlog\link.2956.read.1.tlog
d:\project\wcidfy\c++samplesummary\thread\x64\debug\thread_base.tlog\link.2956.write.1.tlog
d:\project\wcidfy\c++samplesummary\thread\x64\debug\thread_base.tlog\link.read.1.tlog
